<?xml version="1.0" encoding="UTF-8"?>
<testsuite xmlns:xsi="http://www.w3.org/2001/XMLSchema-instance" xsi:noNamespaceSchemaLocation="https://maven.apache.org/surefire/maven-surefire-plugin/xsd/surefire-test-report.xsd" name="com.starwars.api.controllers.ApiControllerTests" time="6.172" tests="7" errors="0" skipped="0" failures="0">
  <properties>
[...]
</properties>
  <testcase name="testeDeletarDados" classname="com.starwars.api.controllers.ApiControllerTests" time="0.815"/>
  <testcase name="testeListarPorId" classname="com.starwars.api.controllers.ApiControllerTests" time="0.798"/>
  <testcase name="testeListarTodos" classname="com.starwars.api.controllers.ApiControllerTests" time="0.796"/>
  <testcase name="testeListarPorNome" classname="com.starwars.api.controllers.ApiControllerTests" time="0.786"/>
  <testcase name="testeAtulizarDados" classname="com.starwars.api.controllers.ApiControllerTests" time="1.119"/>
  <testcase name="testeInserirDados" classname="com.starwars.api.controllers.ApiControllerTests" time="1.049"/>
  <testcase name="contextLoads" classname="com.starwars.api.controllers.ApiControllerTests" time="0.786"/>
</testsuite>